<?xml version="1.0" encoding="UTF-8"?>
<!-- Generated by org.testng.reporters.JUnitReportReporter -->
<testsuite hostname="LabGTI-PC" name="Controller.PessoaTest" tests="4" failures="0" timestamp="7 Jul 2015 17:14:19 GMT" time="3.981" errors="0">
  <testcase name="TestInserirNoBancoDoisTelefones" time="0.025" classname="Controller.PessoaTest"/>
  <testcase name="TestInserirChamandoInterface" time="2.682" classname="Controller.PessoaTest"/>
  <testcase name="TestInserirNoBanco" time="1.270" classname="Controller.PessoaTest"/>
  <testcase name="TestRemoverContatoBanco" time="0.004" classname="Controller.PessoaTest"/>
</testsuite> <!-- Controller.PessoaTest -->
